<?xml version="1.0" encoding="UTF-8"?>
<robot generator="Robot 5.0.1 (Python 3.10.2 on win32)" generated="20220623 23:49:40.011" rpa="false" schemaversion="3">
<suite id="s1" name="DH" source="C:\Users\koju_\DH.Robot-will\DH.robot">
<test id="s1-t1" name="Validação das informacoes do curso de Data Analytics" line="14">
<kw name="Validação das informacoes do curso de Data Analytics" library="DH" type="SETUP">
<kw name="Open Browser" library="SeleniumLibrary">
<arg>${SITE}</arg>
<arg>${NAVEGADOR}</arg>
<doc>Opens a new browser instance to the optional ``url``.</doc>
<msg timestamp="20220623 23:49:40.579" level="INFO">Opening browser 'Chrome' to base url 'https://www.digitalhouse.com/br'.</msg>
<status status="PASS" starttime="20220623 23:49:40.578" endtime="20220623 23:49:47.332"/>
</kw>
<kw name="Maximize Browser Window" library="SeleniumLibrary">
<doc>Maximizes current browser window.</doc>
<status status="PASS" starttime="20220623 23:49:47.332" endtime="20220623 23:49:47.531"/>
</kw>
<kw name="Execute Javascript" library="SeleniumLibrary">
<arg>window.scrollTo(0,850)</arg>
<doc>Executes the given JavaScript code with possible arguments.</doc>
<msg timestamp="20220623 23:49:47.532" level="INFO">Executing JavaScript:
window.scrollTo(0,850)
Without any arguments.</msg>
<status status="PASS" starttime="20220623 23:49:47.531" endtime="20220623 23:49:47.544"/>
</kw>
<kw name="Click Element" library="SeleniumLibrary">
<arg>${DADOS}</arg>
<doc>Click the element identified by ``locator``.</doc>
<msg timestamp="20220623 23:49:47.545" level="INFO">Clicking element '//*[@id="__next"]/div/main/section/div/div[2]/div[2]/a/div[2]'.</msg>
<status status="PASS" starttime="20220623 23:49:47.544" endtime="20220623 23:49:47.663"/>
</kw>
<kw name="Execute Javascript" library="SeleniumLibrary">
<arg>window.scrollTo(0,850)</arg>
<doc>Executes the given JavaScript code with possible arguments.</doc>
<msg timestamp="20220623 23:49:47.664" level="INFO">Executing JavaScript:
window.scrollTo(0,850)
Without any arguments.</msg>
<status status="PASS" starttime="20220623 23:49:47.663" endtime="20220623 23:49:49.078"/>
</kw>
<kw name="Click Element" library="SeleniumLibrary">
<arg>${DATA_ANALYTICS}</arg>
<doc>Click the element identified by ``locator``.</doc>
<msg timestamp="20220623 23:49:49.079" level="INFO">Clicking element '//*[@id="__next"]/div/main/section[2]/div/div/div[1]/a/span'.</msg>
<status status="PASS" starttime="20220623 23:49:49.078" endtime="20220623 23:49:50.723"/>
</kw>
<kw name="Page Should Contain" library="SeleniumLibrary">
<arg>voltado para qualquer pessoa que deseja ampliar suas capacidades analíticas</arg>
<doc>Verifies that current page contains ``text``.</doc>
<msg timestamp="20220623 23:49:50.756" level="INFO">Current page contains text 'voltado para qualquer pessoa que deseja ampliar suas capacidades analíticas'.</msg>
<status status="PASS" starttime="20220623 23:49:50.723" endtime="20220623 23:49:50.756"/>
</kw>
<kw name="Execute Javascript" library="SeleniumLibrary">
<arg>window.scrollTo(0,950)</arg>
<doc>Executes the given JavaScript code with possible arguments.</doc>
<msg timestamp="20220623 23:49:50.757" level="INFO">Executing JavaScript:
window.scrollTo(0,950)
Without any arguments.</msg>
<status status="PASS" starttime="20220623 23:49:50.756" endtime="20220623 23:49:50.764"/>
</kw>
<kw name="Page Should Contain" library="SeleniumLibrary">
<arg>pessoas interessadas em business intelligence</arg>
<doc>Verifies that current page contains ``text``.</doc>
<msg timestamp="20220623 23:49:50.794" level="INFO">Current page contains text 'pessoas interessadas em business intelligence'.</msg>
<status status="PASS" starttime="20220623 23:49:50.764" endtime="20220623 23:49:50.794"/>
</kw>
<kw name="Click Element" library="SeleniumLibrary">
<arg>${INSCREVA_AGORA}</arg>
<doc>Click the element identified by ``locator``.</doc>
<msg timestamp="20220623 23:49:50.795" level="INFO">Clicking element '//*[@id="__next"]/div/main/section/div/div/div[1]/div/div[2]/div[1]/a'.</msg>
<status status="PASS" starttime="20220623 23:49:50.795" endtime="20220623 23:49:50.890"/>
</kw>
<kw name="Wait Element Until is Visible">
<arg>${INSCREVA_SE} 15</arg>
<msg timestamp="20220623 23:49:50.899" level="FAIL">No keyword with name 'Wait Element Until is Visible' found.</msg>
<status status="FAIL" starttime="20220623 23:49:50.899" endtime="20220623 23:49:50.899"/>
</kw>
<kw name="Click Element" library="SeleniumLibrary">
<arg>${INSCREVA_SE}</arg>
<doc>Click the element identified by ``locator``.</doc>
<status status="NOT RUN" starttime="20220623 23:49:50.901" endtime="20220623 23:49:50.901"/>
</kw>
<kw name="Element Should Contain" library="SeleniumLibrary">
<arg>R$10.315</arg>
<doc>Verifies that element ``locator`` contains text ``expected``.</doc>
<status status="NOT RUN" starttime="20220623 23:49:50.901" endtime="20220623 23:49:50.901"/>
</kw>
<kw name="Set Selenium Speed" library="SeleniumLibrary">
<arg>0.5</arg>
<doc>Sets the delay that is waited after each Selenium command.</doc>
<status status="NOT RUN" starttime="20220623 23:49:50.901" endtime="20220623 23:49:50.901"/>
</kw>
<kw name="Close Browser" library="SeleniumLibrary">
<doc>Closes the current browser.</doc>
<status status="NOT RUN" starttime="20220623 23:49:50.901" endtime="20220623 23:49:50.902"/>
</kw>
<status status="FAIL" starttime="20220623 23:49:40.577" endtime="20220623 23:49:50.902"/>
</kw>
<kw name="Close Browser" library="SeleniumLibrary" type="TEARDOWN">
<doc>Closes the current browser.</doc>
<status status="PASS" starttime="20220623 23:49:50.904" endtime="20220623 23:49:53.258"/>
</kw>
<status status="FAIL" starttime="20220623 23:49:40.576" endtime="20220623 23:49:53.258">Setup failed:
No keyword with name 'Wait Element Until is Visible' found.</status>
</test>
<test id="s1-t2" name="Validação das informações do curso de Data Science" line="25">
<kw name="Validação das informacoes do curso de Data Analytics" library="DH" type="SETUP">
<kw name="Open Browser" library="SeleniumLibrary">
<arg>${SITE}</arg>
<arg>${NAVEGADOR}</arg>
<doc>Opens a new browser instance to the optional ``url``.</doc>
<msg timestamp="20220623 23:49:53.275" level="INFO">Opening browser 'Chrome' to base url 'https://www.digitalhouse.com/br'.</msg>
<status status="PASS" starttime="20220623 23:49:53.273" endtime="20220623 23:49:59.267"/>
</kw>
<kw name="Maximize Browser Window" library="SeleniumLibrary">
<doc>Maximizes current browser window.</doc>
<status status="PASS" starttime="20220623 23:49:59.268" endtime="20220623 23:49:59.411"/>
</kw>
<kw name="Execute Javascript" library="SeleniumLibrary">
<arg>window.scrollTo(0,850)</arg>
<doc>Executes the given JavaScript code with possible arguments.</doc>
<msg timestamp="20220623 23:49:59.413" level="INFO">Executing JavaScript:
window.scrollTo(0,850)
Without any arguments.</msg>
<status status="PASS" starttime="20220623 23:49:59.411" endtime="20220623 23:49:59.451"/>
</kw>
<kw name="Click Element" library="SeleniumLibrary">
<arg>${DADOS}</arg>
<doc>Click the element identified by ``locator``.</doc>
<msg timestamp="20220623 23:49:59.452" level="INFO">Clicking element '//*[@id="__next"]/div/main/section/div/div[2]/div[2]/a/div[2]'.</msg>
<status status="PASS" starttime="20220623 23:49:59.451" endtime="20220623 23:50:00.992"/>
</kw>
<kw name="Execute Javascript" library="SeleniumLibrary">
<arg>window.scrollTo(0,850)</arg>
<doc>Executes the given JavaScript code with possible arguments.</doc>
<msg timestamp="20220623 23:50:00.994" level="INFO">Executing JavaScript:
window.scrollTo(0,850)
Without any arguments.</msg>
<status status="PASS" starttime="20220623 23:50:00.993" endtime="20220623 23:50:01.009"/>
</kw>
<kw name="Click Element" library="SeleniumLibrary">
<arg>${DATA_ANALYTICS}</arg>
<doc>Click the element identified by ``locator``.</doc>
<msg timestamp="20220623 23:50:01.010" level="INFO">Clicking element '//*[@id="__next"]/div/main/section[2]/div/div/div[1]/a/span'.</msg>
<status status="PASS" starttime="20220623 23:50:01.010" endtime="20220623 23:50:02.530"/>
</kw>
<kw name="Page Should Contain" library="SeleniumLibrary">
<arg>voltado para qualquer pessoa que deseja ampliar suas capacidades analíticas</arg>
<doc>Verifies that current page contains ``text``.</doc>
<msg timestamp="20220623 23:50:02.587" level="INFO">Current page contains text 'voltado para qualquer pessoa que deseja ampliar suas capacidades analíticas'.</msg>
<status status="PASS" starttime="20220623 23:50:02.530" endtime="20220623 23:50:02.587"/>
</kw>
<kw name="Execute Javascript" library="SeleniumLibrary">
<arg>window.scrollTo(0,950)</arg>
<doc>Executes the given JavaScript code with possible arguments.</doc>
<msg timestamp="20220623 23:50:02.588" level="INFO">Executing JavaScript:
window.scrollTo(0,950)
Without any arguments.</msg>
<status status="PASS" starttime="20220623 23:50:02.588" endtime="20220623 23:50:02.594"/>
</kw>
<kw name="Page Should Contain" library="SeleniumLibrary">
<arg>pessoas interessadas em business intelligence</arg>
<doc>Verifies that current page contains ``text``.</doc>
<msg timestamp="20220623 23:50:02.629" level="INFO">Current page contains text 'pessoas interessadas em business intelligence'.</msg>
<status status="PASS" starttime="20220623 23:50:02.595" endtime="20220623 23:50:02.629"/>
</kw>
<kw name="Click Element" library="SeleniumLibrary">
<arg>${INSCREVA_AGORA}</arg>
<doc>Click the element identified by ``locator``.</doc>
<msg timestamp="20220623 23:50:02.630" level="INFO">Clicking element '//*[@id="__next"]/div/main/section/div/div/div[1]/div/div[2]/div[1]/a'.</msg>
<status status="PASS" starttime="20220623 23:50:02.629" endtime="20220623 23:50:02.713"/>
</kw>
<kw name="Wait Element Until is Visible">
<arg>${INSCREVA_SE} 15</arg>
<msg timestamp="20220623 23:50:02.723" level="FAIL">No keyword with name 'Wait Element Until is Visible' found.</msg>
<status status="FAIL" starttime="20220623 23:50:02.723" endtime="20220623 23:50:02.723"/>
</kw>
<kw name="Click Element" library="SeleniumLibrary">
<arg>${INSCREVA_SE}</arg>
<doc>Click the element identified by ``locator``.</doc>
<status status="NOT RUN" starttime="20220623 23:50:02.724" endtime="20220623 23:50:02.724"/>
</kw>
<kw name="Element Should Contain" library="SeleniumLibrary">
<arg>R$10.315</arg>
<doc>Verifies that element ``locator`` contains text ``expected``.</doc>
<status status="NOT RUN" starttime="20220623 23:50:02.724" endtime="20220623 23:50:02.724"/>
</kw>
<kw name="Set Selenium Speed" library="SeleniumLibrary">
<arg>0.5</arg>
<doc>Sets the delay that is waited after each Selenium command.</doc>
<status status="NOT RUN" starttime="20220623 23:50:02.724" endtime="20220623 23:50:02.724"/>
</kw>
<kw name="Close Browser" library="SeleniumLibrary">
<doc>Closes the current browser.</doc>
<status status="NOT RUN" starttime="20220623 23:50:02.725" endtime="20220623 23:50:02.725"/>
</kw>
<status status="FAIL" starttime="20220623 23:49:53.269" endtime="20220623 23:50:02.726"/>
</kw>
<kw name="Close Browser" library="SeleniumLibrary" type="TEARDOWN">
<doc>Closes the current browser.</doc>
<status status="PASS" starttime="20220623 23:50:02.727" endtime="20220623 23:50:05.047"/>
</kw>
<status status="FAIL" starttime="20220623 23:49:53.266" endtime="20220623 23:50:05.047">Setup failed:
No keyword with name 'Wait Element Until is Visible' found.</status>
</test>
<test id="s1-t3" name="Validação das informações do curso de Marketing Digital" line="36">
<kw name="Validação das informacoes do curso de Data Analytics" library="DH" type="SETUP">
<kw name="Open Browser" library="SeleniumLibrary">
<arg>${SITE}</arg>
<arg>${NAVEGADOR}</arg>
<doc>Opens a new browser instance to the optional ``url``.</doc>
<msg timestamp="20220623 23:50:05.061" level="INFO">Opening browser 'Chrome' to base url 'https://www.digitalhouse.com/br'.</msg>
<status status="PASS" starttime="20220623 23:50:05.059" endtime="20220623 23:50:11.401"/>
</kw>
<kw name="Maximize Browser Window" library="SeleniumLibrary">
<doc>Maximizes current browser window.</doc>
<status status="PASS" starttime="20220623 23:50:11.401" endtime="20220623 23:50:11.527"/>
</kw>
<kw name="Execute Javascript" library="SeleniumLibrary">
<arg>window.scrollTo(0,850)</arg>
<doc>Executes the given JavaScript code with possible arguments.</doc>
<msg timestamp="20220623 23:50:11.528" level="INFO">Executing JavaScript:
window.scrollTo(0,850)
Without any arguments.</msg>
<status status="PASS" starttime="20220623 23:50:11.527" endtime="20220623 23:50:11.554"/>
</kw>
<kw name="Click Element" library="SeleniumLibrary">
<arg>${DADOS}</arg>
<doc>Click the element identified by ``locator``.</doc>
<msg timestamp="20220623 23:50:11.554" level="INFO">Clicking element '//*[@id="__next"]/div/main/section/div/div[2]/div[2]/a/div[2]'.</msg>
<status status="PASS" starttime="20220623 23:50:11.554" endtime="20220623 23:50:13.072"/>
</kw>
<kw name="Execute Javascript" library="SeleniumLibrary">
<arg>window.scrollTo(0,850)</arg>
<doc>Executes the given JavaScript code with possible arguments.</doc>
<msg timestamp="20220623 23:50:13.074" level="INFO">Executing JavaScript:
window.scrollTo(0,850)
Without any arguments.</msg>
<status status="PASS" starttime="20220623 23:50:13.072" endtime="20220623 23:50:13.082"/>
</kw>
<kw name="Click Element" library="SeleniumLibrary">
<arg>${DATA_ANALYTICS}</arg>
<doc>Click the element identified by ``locator``.</doc>
<msg timestamp="20220623 23:50:13.083" level="INFO">Clicking element '//*[@id="__next"]/div/main/section[2]/div/div/div[1]/a/span'.</msg>
<status status="PASS" starttime="20220623 23:50:13.082" endtime="20220623 23:50:14.510"/>
</kw>
<kw name="Page Should Contain" library="SeleniumLibrary">
<arg>voltado para qualquer pessoa que deseja ampliar suas capacidades analíticas</arg>
<doc>Verifies that current page contains ``text``.</doc>
<msg timestamp="20220623 23:50:14.559" level="INFO">Current page contains text 'voltado para qualquer pessoa que deseja ampliar suas capacidades analíticas'.</msg>
<status status="PASS" starttime="20220623 23:50:14.510" endtime="20220623 23:50:14.559"/>
</kw>
<kw name="Execute Javascript" library="SeleniumLibrary">
<arg>window.scrollTo(0,950)</arg>
<doc>Executes the given JavaScript code with possible arguments.</doc>
<msg timestamp="20220623 23:50:14.559" level="INFO">Executing JavaScript:
window.scrollTo(0,950)
Without any arguments.</msg>
<status status="PASS" starttime="20220623 23:50:14.559" endtime="20220623 23:50:14.569"/>
</kw>
<kw name="Page Should Contain" library="SeleniumLibrary">
<arg>pessoas interessadas em business intelligence</arg>
<doc>Verifies that current page contains ``text``.</doc>
<msg timestamp="20220623 23:50:14.598" level="INFO">Current page contains text 'pessoas interessadas em business intelligence'.</msg>
<status status="PASS" starttime="20220623 23:50:14.569" endtime="20220623 23:50:14.598"/>
</kw>
<kw name="Click Element" library="SeleniumLibrary">
<arg>${INSCREVA_AGORA}</arg>
<doc>Click the element identified by ``locator``.</doc>
<msg timestamp="20220623 23:50:14.599" level="INFO">Clicking element '//*[@id="__next"]/div/main/section/div/div/div[1]/div/div[2]/div[1]/a'.</msg>
<status status="PASS" starttime="20220623 23:50:14.599" endtime="20220623 23:50:14.699"/>
</kw>
<kw name="Wait Element Until is Visible">
<arg>${INSCREVA_SE} 15</arg>
<msg timestamp="20220623 23:50:14.709" level="FAIL">No keyword with name 'Wait Element Until is Visible' found.</msg>
<status status="FAIL" starttime="20220623 23:50:14.709" endtime="20220623 23:50:14.709"/>
</kw>
<kw name="Click Element" library="SeleniumLibrary">
<arg>${INSCREVA_SE}</arg>
<doc>Click the element identified by ``locator``.</doc>
<status status="NOT RUN" starttime="20220623 23:50:14.709" endtime="20220623 23:50:14.709"/>
</kw>
<kw name="Element Should Contain" library="SeleniumLibrary">
<arg>R$10.315</arg>
<doc>Verifies that element ``locator`` contains text ``expected``.</doc>
<status status="NOT RUN" starttime="20220623 23:50:14.710" endtime="20220623 23:50:14.710"/>
</kw>
<kw name="Set Selenium Speed" library="SeleniumLibrary">
<arg>0.5</arg>
<doc>Sets the delay that is waited after each Selenium command.</doc>
<status status="NOT RUN" starttime="20220623 23:50:14.710" endtime="20220623 23:50:14.710"/>
</kw>
<kw name="Close Browser" library="SeleniumLibrary">
<doc>Closes the current browser.</doc>
<status status="NOT RUN" starttime="20220623 23:50:14.710" endtime="20220623 23:50:14.710"/>
</kw>
<status status="FAIL" starttime="20220623 23:50:05.058" endtime="20220623 23:50:14.712"/>
</kw>
<kw name="Close Browser" library="SeleniumLibrary" type="TEARDOWN">
<doc>Closes the current browser.</doc>
<status status="PASS" starttime="20220623 23:50:14.712" endtime="20220623 23:50:17.024"/>
</kw>
<status status="FAIL" starttime="20220623 23:50:05.055" endtime="20220623 23:50:17.024">Setup failed:
No keyword with name 'Wait Element Until is Visible' found.</status>
</test>
<test id="s1-t4" name="Validação das informações do curso Certified Tech Developer" line="46">
<kw name="Validação das informacoes do curso de Data Analytics" library="DH" type="SETUP">
<kw name="Open Browser" library="SeleniumLibrary">
<arg>${SITE}</arg>
<arg>${NAVEGADOR}</arg>
<doc>Opens a new browser instance to the optional ``url``.</doc>
<msg timestamp="20220623 23:50:17.040" level="INFO">Opening browser 'Chrome' to base url 'https://www.digitalhouse.com/br'.</msg>
<status status="PASS" starttime="20220623 23:50:17.038" endtime="20220623 23:50:23.600"/>
</kw>
<kw name="Maximize Browser Window" library="SeleniumLibrary">
<doc>Maximizes current browser window.</doc>
<status status="PASS" starttime="20220623 23:50:23.600" endtime="20220623 23:50:23.738"/>
</kw>
<kw name="Execute Javascript" library="SeleniumLibrary">
<arg>window.scrollTo(0,850)</arg>
<doc>Executes the given JavaScript code with possible arguments.</doc>
<msg timestamp="20220623 23:50:23.741" level="INFO">Executing JavaScript:
window.scrollTo(0,850)
Without any arguments.</msg>
<status status="PASS" starttime="20220623 23:50:23.739" endtime="20220623 23:50:23.760"/>
</kw>
<kw name="Click Element" library="SeleniumLibrary">
<arg>${DADOS}</arg>
<doc>Click the element identified by ``locator``.</doc>
<msg timestamp="20220623 23:50:23.761" level="INFO">Clicking element '//*[@id="__next"]/div/main/section/div/div[2]/div[2]/a/div[2]'.</msg>
<status status="PASS" starttime="20220623 23:50:23.761" endtime="20220623 23:50:25.147"/>
</kw>
<kw name="Execute Javascript" library="SeleniumLibrary">
<arg>window.scrollTo(0,850)</arg>
<doc>Executes the given JavaScript code with possible arguments.</doc>
<msg timestamp="20220623 23:50:25.148" level="INFO">Executing JavaScript:
window.scrollTo(0,850)
Without any arguments.</msg>
<status status="PASS" starttime="20220623 23:50:25.147" endtime="20220623 23:50:25.153"/>
</kw>
<kw name="Click Element" library="SeleniumLibrary">
<arg>${DATA_ANALYTICS}</arg>
<doc>Click the element identified by ``locator``.</doc>
<msg timestamp="20220623 23:50:25.154" level="INFO">Clicking element '//*[@id="__next"]/div/main/section[2]/div/div/div[1]/a/span'.</msg>
<status status="PASS" starttime="20220623 23:50:25.154" endtime="20220623 23:50:26.698"/>
</kw>
<kw name="Page Should Contain" library="SeleniumLibrary">
<arg>voltado para qualquer pessoa que deseja ampliar suas capacidades analíticas</arg>
<doc>Verifies that current page contains ``text``.</doc>
<msg timestamp="20220623 23:50:26.724" level="INFO">Current page contains text 'voltado para qualquer pessoa que deseja ampliar suas capacidades analíticas'.</msg>
<status status="PASS" starttime="20220623 23:50:26.698" endtime="20220623 23:50:26.724"/>
</kw>
<kw name="Execute Javascript" library="SeleniumLibrary">
<arg>window.scrollTo(0,950)</arg>
<doc>Executes the given JavaScript code with possible arguments.</doc>
<msg timestamp="20220623 23:50:26.724" level="INFO">Executing JavaScript:
window.scrollTo(0,950)
Without any arguments.</msg>
<status status="PASS" starttime="20220623 23:50:26.724" endtime="20220623 23:50:26.743"/>
</kw>
<kw name="Page Should Contain" library="SeleniumLibrary">
<arg>pessoas interessadas em business intelligence</arg>
<doc>Verifies that current page contains ``text``.</doc>
<msg timestamp="20220623 23:50:26.777" level="INFO">Current page contains text 'pessoas interessadas em business intelligence'.</msg>
<status status="PASS" starttime="20220623 23:50:26.744" endtime="20220623 23:50:26.777"/>
</kw>
<kw name="Click Element" library="SeleniumLibrary">
<arg>${INSCREVA_AGORA}</arg>
<doc>Click the element identified by ``locator``.</doc>
<msg timestamp="20220623 23:50:26.779" level="INFO">Clicking element '//*[@id="__next"]/div/main/section/div/div/div[1]/div/div[2]/div[1]/a'.</msg>
<status status="PASS" starttime="20220623 23:50:26.777" endtime="20220623 23:50:26.881"/>
</kw>
<kw name="Wait Element Until is Visible">
<arg>${INSCREVA_SE} 15</arg>
<msg timestamp="20220623 23:50:26.892" level="FAIL">No keyword with name 'Wait Element Until is Visible' found.</msg>
<status status="FAIL" starttime="20220623 23:50:26.892" endtime="20220623 23:50:26.892"/>
</kw>
<kw name="Click Element" library="SeleniumLibrary">
<arg>${INSCREVA_SE}</arg>
<doc>Click the element identified by ``locator``.</doc>
<status status="NOT RUN" starttime="20220623 23:50:26.892" endtime="20220623 23:50:26.892"/>
</kw>
<kw name="Element Should Contain" library="SeleniumLibrary">
<arg>R$10.315</arg>
<doc>Verifies that element ``locator`` contains text ``expected``.</doc>
<status status="NOT RUN" starttime="20220623 23:50:26.892" endtime="20220623 23:50:26.893"/>
</kw>
<kw name="Set Selenium Speed" library="SeleniumLibrary">
<arg>0.5</arg>
<doc>Sets the delay that is waited after each Selenium command.</doc>
<status status="NOT RUN" starttime="20220623 23:50:26.893" endtime="20220623 23:50:26.893"/>
</kw>
<kw name="Close Browser" library="SeleniumLibrary">
<doc>Closes the current browser.</doc>
<status status="NOT RUN" starttime="20220623 23:50:26.893" endtime="20220623 23:50:26.893"/>
</kw>
<status status="FAIL" starttime="20220623 23:50:17.036" endtime="20220623 23:50:26.894"/>
</kw>
<kw name="Close Browser" library="SeleniumLibrary" type="TEARDOWN">
<doc>Closes the current browser.</doc>
<status status="PASS" starttime="20220623 23:50:26.896" endtime="20220623 23:50:29.339"/>
</kw>
<status status="FAIL" starttime="20220623 23:50:17.033" endtime="20220623 23:50:29.339">Setup failed:
No keyword with name 'Wait Element Until is Visible' found.</status>
</test>
<test id="s1-t5" name="Validação das informações do Programa de Bolsas BLK PWR DEV" line="58">
<kw name="Validação das informacoes do curso de Data Analytics" library="DH" type="SETUP">
<kw name="Open Browser" library="SeleniumLibrary">
<arg>${SITE}</arg>
<arg>${NAVEGADOR}</arg>
<doc>Opens a new browser instance to the optional ``url``.</doc>
<msg timestamp="20220623 23:50:29.353" level="INFO">Opening browser 'Chrome' to base url 'https://www.digitalhouse.com/br'.</msg>
<status status="PASS" starttime="20220623 23:50:29.352" endtime="20220623 23:50:35.610"/>
</kw>
<kw name="Maximize Browser Window" library="SeleniumLibrary">
<doc>Maximizes current browser window.</doc>
<status status="PASS" starttime="20220623 23:50:35.610" endtime="20220623 23:50:35.744"/>
</kw>
<kw name="Execute Javascript" library="SeleniumLibrary">
<arg>window.scrollTo(0,850)</arg>
<doc>Executes the given JavaScript code with possible arguments.</doc>
<msg timestamp="20220623 23:50:35.745" level="INFO">Executing JavaScript:
window.scrollTo(0,850)
Without any arguments.</msg>
<status status="PASS" starttime="20220623 23:50:35.744" endtime="20220623 23:50:35.753"/>
</kw>
<kw name="Click Element" library="SeleniumLibrary">
<arg>${DADOS}</arg>
<doc>Click the element identified by ``locator``.</doc>
<msg timestamp="20220623 23:50:35.754" level="INFO">Clicking element '//*[@id="__next"]/div/main/section/div/div[2]/div[2]/a/div[2]'.</msg>
<status status="PASS" starttime="20220623 23:50:35.753" endtime="20220623 23:50:37.132"/>
</kw>
<kw name="Execute Javascript" library="SeleniumLibrary">
<arg>window.scrollTo(0,850)</arg>
<doc>Executes the given JavaScript code with possible arguments.</doc>
<msg timestamp="20220623 23:50:37.134" level="INFO">Executing JavaScript:
window.scrollTo(0,850)
Without any arguments.</msg>
<status status="PASS" starttime="20220623 23:50:37.133" endtime="20220623 23:50:37.139"/>
</kw>
<kw name="Click Element" library="SeleniumLibrary">
<arg>${DATA_ANALYTICS}</arg>
<doc>Click the element identified by ``locator``.</doc>
<msg timestamp="20220623 23:50:37.140" level="INFO">Clicking element '//*[@id="__next"]/div/main/section[2]/div/div/div[1]/a/span'.</msg>
<status status="PASS" starttime="20220623 23:50:37.140" endtime="20220623 23:50:38.648"/>
</kw>
<kw name="Page Should Contain" library="SeleniumLibrary">
<arg>voltado para qualquer pessoa que deseja ampliar suas capacidades analíticas</arg>
<doc>Verifies that current page contains ``text``.</doc>
<msg timestamp="20220623 23:50:38.676" level="INFO">Current page contains text 'voltado para qualquer pessoa que deseja ampliar suas capacidades analíticas'.</msg>
<status status="PASS" starttime="20220623 23:50:38.648" endtime="20220623 23:50:38.676"/>
</kw>
<kw name="Execute Javascript" library="SeleniumLibrary">
<arg>window.scrollTo(0,950)</arg>
<doc>Executes the given JavaScript code with possible arguments.</doc>
<msg timestamp="20220623 23:50:38.676" level="INFO">Executing JavaScript:
window.scrollTo(0,950)
Without any arguments.</msg>
<status status="PASS" starttime="20220623 23:50:38.676" endtime="20220623 23:50:38.684"/>
</kw>
<kw name="Page Should Contain" library="SeleniumLibrary">
<arg>pessoas interessadas em business intelligence</arg>
<doc>Verifies that current page contains ``text``.</doc>
<msg timestamp="20220623 23:50:38.716" level="INFO">Current page contains text 'pessoas interessadas em business intelligence'.</msg>
<status status="PASS" starttime="20220623 23:50:38.684" endtime="20220623 23:50:38.716"/>
</kw>
<kw name="Click Element" library="SeleniumLibrary">
<arg>${INSCREVA_AGORA}</arg>
<doc>Click the element identified by ``locator``.</doc>
<msg timestamp="20220623 23:50:38.716" level="INFO">Clicking element '//*[@id="__next"]/div/main/section/div/div/div[1]/div/div[2]/div[1]/a'.</msg>
<status status="PASS" starttime="20220623 23:50:38.716" endtime="20220623 23:50:38.795"/>
</kw>
<kw name="Wait Element Until is Visible">
<arg>${INSCREVA_SE} 15</arg>
<msg timestamp="20220623 23:50:38.804" level="FAIL">No keyword with name 'Wait Element Until is Visible' found.</msg>
<status status="FAIL" starttime="20220623 23:50:38.804" endtime="20220623 23:50:38.805"/>
</kw>
<kw name="Click Element" library="SeleniumLibrary">
<arg>${INSCREVA_SE}</arg>
<doc>Click the element identified by ``locator``.</doc>
<status status="NOT RUN" starttime="20220623 23:50:38.805" endtime="20220623 23:50:38.805"/>
</kw>
<kw name="Element Should Contain" library="SeleniumLibrary">
<arg>R$10.315</arg>
<doc>Verifies that element ``locator`` contains text ``expected``.</doc>
<status status="NOT RUN" starttime="20220623 23:50:38.805" endtime="20220623 23:50:38.805"/>
</kw>
<kw name="Set Selenium Speed" library="SeleniumLibrary">
<arg>0.5</arg>
<doc>Sets the delay that is waited after each Selenium command.</doc>
<status status="NOT RUN" starttime="20220623 23:50:38.805" endtime="20220623 23:50:38.806"/>
</kw>
<kw name="Close Browser" library="SeleniumLibrary">
<doc>Closes the current browser.</doc>
<status status="NOT RUN" starttime="20220623 23:50:38.806" endtime="20220623 23:50:38.806"/>
</kw>
<status status="FAIL" starttime="20220623 23:50:29.350" endtime="20220623 23:50:38.807"/>
</kw>
<kw name="Close Browser" library="SeleniumLibrary" type="TEARDOWN">
<doc>Closes the current browser.</doc>
<status status="PASS" starttime="20220623 23:50:38.808" endtime="20220623 23:50:41.128"/>
</kw>
<status status="FAIL" starttime="20220623 23:50:29.347" endtime="20220623 23:50:41.128">Setup failed:
No keyword with name 'Wait Element Until is Visible' found.</status>
</test>
<status status="FAIL" starttime="20220623 23:49:40.025" endtime="20220623 23:50:41.136"/>
</suite>
<statistics>
<total>
<stat pass="0" fail="5" skip="0">All Tests</stat>
</total>
<tag>
</tag>
<suite>
<stat pass="0" fail="5" skip="0" id="s1" name="DH">DH</stat>
</suite>
</statistics>
<errors>
</errors>
</robot>
